[Fri Apr 03 08:52:49.880903 2020] [ssl:warn] [pid 8316:tid 640] AH01909: www.example.com:443:0 server certificate does NOT include an ID which matches the server name
[Fri Apr 03 08:52:49.936750 2020] [ssl:warn] [pid 8316:tid 640] AH01909: www.example.com:443:0 server certificate does NOT include an ID which matches the server name
PHP Warning:  PHP Startup: Unable to load dynamic library 'pdo_sqlite' (tried: \\xampp\\php\\ext\\pdo_sqlite (The specified module could not be found.), \\xampp\\php\\ext\\php_pdo_sqlite.dll (The specified module could not be found.)) in Unknown on line 0
[Fri Apr 03 08:52:49.991640 2020] [mpm_winnt:notice] [pid 8316:tid 640] AH00455: Apache/2.4.41 (Win64) OpenSSL/1.1.1c PHP/7.4.3 configured -- resuming normal operations
[Fri Apr 03 08:52:49.993680 2020] [mpm_winnt:notice] [pid 8316:tid 640] AH00456: Apache Lounge VC15 Server built: Aug 11 2019 12:20:04
[Fri Apr 03 08:52:49.993680 2020] [core:notice] [pid 8316:tid 640] AH00094: Command line: 'D:\\xampp\\apache\\bin\\httpd.exe -d D:/xampp/apache'
[Fri Apr 03 08:52:50.001616 2020] [mpm_winnt:notice] [pid 8316:tid 640] AH00418: Parent: Created child process 2992
[Fri Apr 03 08:52:50.664736 2020] [ssl:warn] [pid 2992:tid 612] AH01909: www.example.com:443:0 server certificate does NOT include an ID which matches the server name
[Fri Apr 03 08:52:50.722629 2020] [ssl:warn] [pid 2992:tid 612] AH01909: www.example.com:443:0 server certificate does NOT include an ID which matches the server name
PHP Warning:  PHP Startup: Unable to load dynamic library 'pdo_sqlite' (tried: \\xampp\\php\\ext\\pdo_sqlite (The specified module could not be found.), \\xampp\\php\\ext\\php_pdo_sqlite.dll (The specified module could not be found.)) in Unknown on line 0
[Fri Apr 03 08:52:50.778650 2020] [mpm_winnt:notice] [pid 2992:tid 612] AH00354: Child: Starting 150 worker threads.
[Fri Apr 03 08:53:49.177910 2020] [ssl:warn] [pid 10620:tid 664] AH01909: www.example.com:443:0 server certificate does NOT include an ID which matches the server name
[Fri Apr 03 08:53:49.242469 2020] [ssl:warn] [pid 10620:tid 664] AH01909: www.example.com:443:0 server certificate does NOT include an ID which matches the server name
PHP Warning:  PHP Startup: Unable to load dynamic library 'pdo_sqlite' (tried: D:\\xampp\\php\\ext\\pdo_sqlite (The specified module could not be found.), D:\\xampp\\php\\ext\\php_pdo_sqlite.dll (The specified module could not be found.)) in Unknown on line 0
[Fri Apr 03 08:53:49.283172 2020] [mpm_winnt:notice] [pid 10620:tid 664] AH00455: Apache/2.4.41 (Win64) OpenSSL/1.1.1c PHP/7.4.3 configured -- resuming normal operations
[Fri Apr 03 08:53:49.283172 2020] [mpm_winnt:notice] [pid 10620:tid 664] AH00456: Apache Lounge VC15 Server built: Aug 11 2019 12:20:04
[Fri Apr 03 08:53:49.283172 2020] [core:notice] [pid 10620:tid 664] AH00094: Command line: 'd:\\xampp\\apache\\bin\\httpd.exe -d D:/xampp/apache'
[Fri Apr 03 08:53:49.287160 2020] [mpm_winnt:notice] [pid 10620:tid 664] AH00418: Parent: Created child process 14844
[Fri Apr 03 08:53:49.896756 2020] [ssl:warn] [pid 14844:tid 656] AH01909: www.example.com:443:0 server certificate does NOT include an ID which matches the server name
[Fri Apr 03 08:53:49.965572 2020] [ssl:warn] [pid 14844:tid 656] AH01909: www.example.com:443:0 server certificate does NOT include an ID which matches the server name
PHP Warning:  PHP Startup: Unable to load dynamic library 'pdo_sqlite' (tried: D:\\xampp\\php\\ext\\pdo_sqlite (The specified module could not be found.), D:\\xampp\\php\\ext\\php_pdo_sqlite.dll (The specified module could not be found.)) in Unknown on line 0
[Fri Apr 03 08:53:50.027343 2020] [mpm_winnt:notice] [pid 14844:tid 656] AH00354: Child: Starting 150 worker threads.
[Fri Apr 03 09:13:12.808960 2020] [mpm_winnt:crit] [pid 14844:tid 656] AH02538: Child: Parent process exited abruptly. Child process is ending
[Fri Apr 03 09:13:19.531036 2020] [ssl:warn] [pid 1748:tid 652] AH01909: www.example.com:443:0 server certificate does NOT include an ID which matches the server name
[Fri Apr 03 09:13:19.618945 2020] [core:warn] [pid 1748:tid 652] AH00098: pid file D:/xampp/apache/logs/httpd.pid overwritten -- Unclean shutdown of previous Apache run?
[Fri Apr 03 09:13:19.626313 2020] [ssl:warn] [pid 1748:tid 652] AH01909: www.example.com:443:0 server certificate does NOT include an ID which matches the server name
PHP Warning:  PHP Startup: Unable to load dynamic library 'pdo_sqlite' (tried: D:\\xampp\\php\\ext\\pdo_sqlite (The specified module could not be found.), D:\\xampp\\php\\ext\\php_pdo_sqlite.dll (The specified module could not be found.)) in Unknown on line 0
[Fri Apr 03 09:13:19.747046 2020] [mpm_winnt:notice] [pid 1748:tid 652] AH00455: Apache/2.4.41 (Win64) OpenSSL/1.1.1c PHP/7.4.3 configured -- resuming normal operations
[Fri Apr 03 09:13:19.747046 2020] [mpm_winnt:notice] [pid 1748:tid 652] AH00456: Apache Lounge VC15 Server built: Aug 11 2019 12:20:04
[Fri Apr 03 09:13:19.747046 2020] [core:notice] [pid 1748:tid 652] AH00094: Command line: 'd:\\xampp\\apache\\bin\\httpd.exe -d D:/xampp/apache'
[Fri Apr 03 09:13:19.755024 2020] [mpm_winnt:notice] [pid 1748:tid 652] AH00418: Parent: Created child process 3452
[Fri Apr 03 09:13:20.694330 2020] [ssl:warn] [pid 3452:tid 640] AH01909: www.example.com:443:0 server certificate does NOT include an ID which matches the server name
[Fri Apr 03 09:13:20.748184 2020] [ssl:warn] [pid 3452:tid 640] AH01909: www.example.com:443:0 server certificate does NOT include an ID which matches the server name
PHP Warning:  PHP Startup: Unable to load dynamic library 'pdo_sqlite' (tried: D:\\xampp\\php\\ext\\pdo_sqlite (The specified module could not be found.), D:\\xampp\\php\\ext\\php_pdo_sqlite.dll (The specified module could not be found.)) in Unknown on line 0
[Fri Apr 03 09:13:20.794137 2020] [mpm_winnt:notice] [pid 3452:tid 640] AH00354: Child: Starting 150 worker threads.
[Fri Apr 03 09:51:34.322258 2020] [ssl:warn] [pid 14808:tid 644] AH01909: www.example.com:443:0 server certificate does NOT include an ID which matches the server name
[Fri Apr 03 09:51:34.368138 2020] [core:warn] [pid 14808:tid 644] AH00098: pid file D:/xampp/apache/logs/httpd.pid overwritten -- Unclean shutdown of previous Apache run?
[Fri Apr 03 09:51:34.371130 2020] [ssl:warn] [pid 14808:tid 644] AH01909: www.example.com:443:0 server certificate does NOT include an ID which matches the server name
PHP Warning:  PHP Startup: Unable to load dynamic library 'pdo_sqlite' (tried: D:\\xampp\\php\\ext\\pdo_sqlite (The specified module could not be found.), D:\\xampp\\php\\ext\\php_pdo_sqlite.dll (The specified module could not be found.)) in Unknown on line 0
[Fri Apr 03 09:51:34.414426 2020] [mpm_winnt:notice] [pid 14808:tid 644] AH00455: Apache/2.4.41 (Win64) OpenSSL/1.1.1c PHP/7.4.3 configured -- resuming normal operations
[Fri Apr 03 09:51:34.414426 2020] [mpm_winnt:notice] [pid 14808:tid 644] AH00456: Apache Lounge VC15 Server built: Aug 11 2019 12:20:04
[Fri Apr 03 09:51:34.414426 2020] [core:notice] [pid 14808:tid 644] AH00094: Command line: 'd:\\xampp\\apache\\bin\\httpd.exe -d D:/xampp/apache'
[Fri Apr 03 09:51:34.417415 2020] [mpm_winnt:notice] [pid 14808:tid 644] AH00418: Parent: Created child process 12092
[Fri Apr 03 09:51:34.875977 2020] [ssl:warn] [pid 12092:tid 656] AH01909: www.example.com:443:0 server certificate does NOT include an ID which matches the server name
[Fri Apr 03 09:51:34.924579 2020] [ssl:warn] [pid 12092:tid 656] AH01909: www.example.com:443:0 server certificate does NOT include an ID which matches the server name
PHP Warning:  PHP Startup: Unable to load dynamic library 'pdo_sqlite' (tried: D:\\xampp\\php\\ext\\pdo_sqlite (The specified module could not be found.), D:\\xampp\\php\\ext\\php_pdo_sqlite.dll (The specified module could not be found.)) in Unknown on line 0
[Fri Apr 03 09:51:34.982467 2020] [mpm_winnt:notice] [pid 12092:tid 656] AH00354: Child: Starting 150 worker threads.
[Fri Apr 03 09:58:09.514962 2020] [php7:error] [pid 12092:tid 1988] [client ::1:50972] script 'D:/xampp/htdocs/server_time/insex.php' not found or unable to stat
[Fri Apr 03 09:58:50.806048 2020] [php7:error] [pid 12092:tid 1988] [client ::1:50977] script 'D:/xampp/htdocs/server_time/insex.php' not found or unable to stat
[Fri Apr 03 09:59:40.522924 2020] [php7:error] [pid 12092:tid 1960] [client ::1:50979] script 'D:/xampp/htdocs/server_time/insex.php' not found or unable to stat
[Fri Apr 03 09:59:41.790163 2020] [php7:error] [pid 12092:tid 1960] [client ::1:50979] script 'D:/xampp/htdocs/server_time/insex.php' not found or unable to stat
[Fri Apr 03 10:00:38.285575 2020] [php7:error] [pid 12092:tid 1988] [client ::1:50987] script 'D:/xampp/htdocs/server_time/insex.php' not found or unable to stat
[Fri Apr 03 11:24:44.118652 2020] [php7:error] [pid 12092:tid 1960] [client ::1:51290] PHP Parse error:  syntax error, unexpected end of file in D:\\xampp\\htdocs\\login\\index.php on line 31, referer: http://localhost/login/index.php
[Fri Apr 03 11:24:51.164209 2020] [php7:error] [pid 12092:tid 1988] [client ::1:51291] PHP Parse error:  syntax error, unexpected end of file in D:\\xampp\\htdocs\\login\\index.php on line 31, referer: http://localhost/login/index.php
[Fri Apr 03 11:57:57.655049 2020] [php7:error] [pid 12092:tid 1988] [client ::1:52065] PHP Parse error:  syntax error, unexpected '}', expecting end of file in D:\\xampp\\htdocs\\listofcustomers\\index.php on line 63
[Fri Apr 03 11:57:58.866441 2020] [php7:error] [pid 12092:tid 1988] [client ::1:52065] PHP Parse error:  syntax error, unexpected '}', expecting end of file in D:\\xampp\\htdocs\\listofcustomers\\index.php on line 63
[Fri Apr 03 11:58:09.570463 2020] [php7:error] [pid 12092:tid 1960] [client ::1:52076] PHP Parse error:  syntax error, unexpected '}', expecting end of file in D:\\xampp\\htdocs\\listofcustomers\\index.php on line 63
[Fri Apr 03 12:16:45.207089 2020] [php7:error] [pid 12092:tid 1960] [client ::1:52291] script 'D:/xampp/htdocs/dictionary/indexx.php' not found or unable to stat
[Fri Apr 03 12:16:56.699671 2020] [php7:notice] [pid 12092:tid 1956] [client ::1:52293] PHP Notice:  Undefined index: search in D:\\xampp\\htdocs\\dictionary\\index.php on line 8
[Fri Apr 03 12:18:39.024118 2020] [php7:notice] [pid 12092:tid 1956] [client ::1:52371] PHP Notice:  Undefined index: search in D:\\xampp\\htdocs\\dictionary\\index.php on line 8
[Fri Apr 03 12:19:19.739286 2020] [php7:notice] [pid 12092:tid 1956] [client ::1:52411] PHP Notice:  Undefined index: search in D:\\xampp\\htdocs\\dictionary\\index.php on line 8
[Fri Apr 03 12:43:52.309601 2020] [php7:notice] [pid 12092:tid 1956] [client ::1:52891] PHP Notice:  Undefined index: number in D:\\xampp\\htdocs\\week_1\\exercises\\readTheNumber\\index.php on line 3
[Fri Apr 03 12:50:25.899914 2020] [php7:notice] [pid 12092:tid 1956] [client ::1:52912] PHP Notice:  Undefined index: number in D:\\xampp\\htdocs\\week_1\\exercises\\readTheNumber\\index.php on line 3
[Fri Apr 03 12:52:07.265546 2020] [php7:notice] [pid 12092:tid 1960] [client ::1:52996] PHP Notice:  Undefined index: number in D:\\xampp\\htdocs\\week_1\\exercises\\readTheNumber\\index.php on line 3
[Fri Apr 03 12:52:09.371011 2020] [php7:notice] [pid 12092:tid 1960] [client ::1:52996] PHP Notice:  Undefined index: number in D:\\xampp\\htdocs\\week_1\\exercises\\readTheNumber\\index.php on line 3
[Fri Apr 03 12:52:10.075506 2020] [php7:notice] [pid 12092:tid 1960] [client ::1:52996] PHP Notice:  Undefined index: number in D:\\xampp\\htdocs\\week_1\\exercises\\readTheNumber\\index.php on line 3
[Fri Apr 03 12:52:10.736166 2020] [php7:notice] [pid 12092:tid 1960] [client ::1:52996] PHP Notice:  Undefined index: number in D:\\xampp\\htdocs\\week_1\\exercises\\readTheNumber\\index.php on line 3
[Fri Apr 03 13:27:28.968020 2020] [php7:warn] [pid 12092:tid 1956] [client ::1:54135] PHP Warning:  A non-numeric value encountered in D:\\xampp\\htdocs\\week_1\\exercises\\FutureValueCalculator\\index.php on line 32, referer: http://localhost/week_1/exercises/FutureValueCalculator/index.php
[Fri Apr 03 13:27:28.968020 2020] [php7:warn] [pid 12092:tid 1956] [client ::1:54135] PHP Warning:  A non-numeric value encountered in D:\\xampp\\htdocs\\week_1\\exercises\\FutureValueCalculator\\index.php on line 32, referer: http://localhost/week_1/exercises/FutureValueCalculator/index.php
[Fri Apr 03 13:27:28.968020 2020] [php7:warn] [pid 12092:tid 1956] [client ::1:54135] PHP Warning:  A non-numeric value encountered in D:\\xampp\\htdocs\\week_1\\exercises\\FutureValueCalculator\\index.php on line 32, referer: http://localhost/week_1/exercises/FutureValueCalculator/index.php
[Fri Apr 03 13:27:30.053267 2020] [php7:warn] [pid 12092:tid 1956] [client ::1:54135] PHP Warning:  A non-numeric value encountered in D:\\xampp\\htdocs\\week_1\\exercises\\FutureValueCalculator\\index.php on line 32, referer: http://localhost/week_1/exercises/FutureValueCalculator/index.php
[Fri Apr 03 13:27:30.054263 2020] [php7:warn] [pid 12092:tid 1956] [client ::1:54135] PHP Warning:  A non-numeric value encountered in D:\\xampp\\htdocs\\week_1\\exercises\\FutureValueCalculator\\index.php on line 32, referer: http://localhost/week_1/exercises/FutureValueCalculator/index.php
[Fri Apr 03 13:27:30.054263 2020] [php7:warn] [pid 12092:tid 1956] [client ::1:54135] PHP Warning:  A non-numeric value encountered in D:\\xampp\\htdocs\\week_1\\exercises\\FutureValueCalculator\\index.php on line 32, referer: http://localhost/week_1/exercises/FutureValueCalculator/index.php
[Fri Apr 03 13:27:30.559964 2020] [php7:warn] [pid 12092:tid 1956] [client ::1:54135] PHP Warning:  A non-numeric value encountered in D:\\xampp\\htdocs\\week_1\\exercises\\FutureValueCalculator\\index.php on line 32, referer: http://localhost/week_1/exercises/FutureValueCalculator/index.php
[Fri Apr 03 13:27:30.559964 2020] [php7:warn] [pid 12092:tid 1956] [client ::1:54135] PHP Warning:  A non-numeric value encountered in D:\\xampp\\htdocs\\week_1\\exercises\\FutureValueCalculator\\index.php on line 32, referer: http://localhost/week_1/exercises/FutureValueCalculator/index.php
[Fri Apr 03 13:27:30.559964 2020] [php7:warn] [pid 12092:tid 1956] [client ::1:54135] PHP Warning:  A non-numeric value encountered in D:\\xampp\\htdocs\\week_1\\exercises\\FutureValueCalculator\\index.php on line 32, referer: http://localhost/week_1/exercises/FutureValueCalculator/index.php
[Fri Apr 03 14:38:58.171025 2020] [php7:notice] [pid 12092:tid 1960] [client ::1:57939] PHP Notice:  Undefined index: number in D:\\xampp\\htdocs\\week_1\\exercises\\readTheNumber\\index.php on line 3
[Fri Apr 03 15:26:42.679146 2020] [php7:warn] [pid 12092:tid 1960] [client ::1:60622] PHP Warning:  A non-numeric value encountered in D:\\xampp\\htdocs\\week_1\\exercises\\FutureValueCalculator\\index.php on line 26, referer: http://localhost/week_1/exercises/FutureValueCalculator/index.php
[Fri Apr 03 15:26:42.680104 2020] [php7:warn] [pid 12092:tid 1960] [client ::1:60622] PHP Warning:  A non-numeric value encountered in D:\\xampp\\htdocs\\week_1\\exercises\\FutureValueCalculator\\index.php on line 31, referer: http://localhost/week_1/exercises/FutureValueCalculator/index.php
[Fri Apr 03 15:26:42.680104 2020] [php7:warn] [pid 12092:tid 1960] [client ::1:60622] PHP Warning:  A non-numeric value encountered in D:\\xampp\\htdocs\\week_1\\exercises\\FutureValueCalculator\\index.php on line 31, referer: http://localhost/week_1/exercises/FutureValueCalculator/index.php
[Fri Apr 03 15:41:50.052569 2020] [php7:warn] [pid 12092:tid 1956] [client ::1:60663] PHP Warning:  A non-numeric value encountered in D:\\xampp\\htdocs\\week_1\\exercises\\FutureValueCalculator\\index.php on line 32, referer: http://localhost/week_1/exercises/FutureValueCalculator/index.php
[Fri Apr 03 15:41:50.052569 2020] [php7:warn] [pid 12092:tid 1956] [client ::1:60663] PHP Warning:  A non-numeric value encountered in D:\\xampp\\htdocs\\week_1\\exercises\\FutureValueCalculator\\index.php on line 37, referer: http://localhost/week_1/exercises/FutureValueCalculator/index.php
[Fri Apr 03 15:41:50.053567 2020] [php7:warn] [pid 12092:tid 1956] [client ::1:60663] PHP Warning:  A non-numeric value encountered in D:\\xampp\\htdocs\\week_1\\exercises\\FutureValueCalculator\\index.php on line 37, referer: http://localhost/week_1/exercises/FutureValueCalculator/index.php
[Fri Apr 03 15:41:51.355217 2020] [php7:warn] [pid 12092:tid 1956] [client ::1:60663] PHP Warning:  A non-numeric value encountered in D:\\xampp\\htdocs\\week_1\\exercises\\FutureValueCalculator\\index.php on line 32, referer: http://localhost/week_1/exercises/FutureValueCalculator/index.php
[Fri Apr 03 15:41:51.355217 2020] [php7:warn] [pid 12092:tid 1956] [client ::1:60663] PHP Warning:  A non-numeric value encountered in D:\\xampp\\htdocs\\week_1\\exercises\\FutureValueCalculator\\index.php on line 37, referer: http://localhost/week_1/exercises/FutureValueCalculator/index.php
[Fri Apr 03 15:41:51.356214 2020] [php7:warn] [pid 12092:tid 1956] [client ::1:60663] PHP Warning:  A non-numeric value encountered in D:\\xampp\\htdocs\\week_1\\exercises\\FutureValueCalculator\\index.php on line 37, referer: http://localhost/week_1/exercises/FutureValueCalculator/index.php
[Fri Apr 03 15:41:51.712358 2020] [php7:warn] [pid 12092:tid 1956] [client ::1:60663] PHP Warning:  A non-numeric value encountered in D:\\xampp\\htdocs\\week_1\\exercises\\FutureValueCalculator\\index.php on line 32, referer: http://localhost/week_1/exercises/FutureValueCalculator/index.php
[Fri Apr 03 15:41:51.712358 2020] [php7:warn] [pid 12092:tid 1956] [client ::1:60663] PHP Warning:  A non-numeric value encountered in D:\\xampp\\htdocs\\week_1\\exercises\\FutureValueCalculator\\index.php on line 37, referer: http://localhost/week_1/exercises/FutureValueCalculator/index.php
[Fri Apr 03 15:41:51.712358 2020] [php7:warn] [pid 12092:tid 1956] [client ::1:60663] PHP Warning:  A non-numeric value encountered in D:\\xampp\\htdocs\\week_1\\exercises\\FutureValueCalculator\\index.php on line 37, referer: http://localhost/week_1/exercises/FutureValueCalculator/index.php
[Fri Apr 03 15:41:53.848276 2020] [php7:warn] [pid 12092:tid 1956] [client ::1:60663] PHP Warning:  A non-numeric value encountered in D:\\xampp\\htdocs\\week_1\\exercises\\FutureValueCalculator\\index.php on line 32, referer: http://localhost/week_1/exercises/FutureValueCalculator/index.php
[Fri Apr 03 15:41:53.848276 2020] [php7:warn] [pid 12092:tid 1956] [client ::1:60663] PHP Warning:  A non-numeric value encountered in D:\\xampp\\htdocs\\week_1\\exercises\\FutureValueCalculator\\index.php on line 37, referer: http://localhost/week_1/exercises/FutureValueCalculator/index.php
[Fri Apr 03 15:41:53.848276 2020] [php7:warn] [pid 12092:tid 1956] [client ::1:60663] PHP Warning:  A non-numeric value encountered in D:\\xampp\\htdocs\\week_1\\exercises\\FutureValueCalculator\\index.php on line 37, referer: http://localhost/week_1/exercises/FutureValueCalculator/index.php
[Fri Apr 03 15:41:59.616641 2020] [php7:warn] [pid 12092:tid 1956] [client ::1:60663] PHP Warning:  A non-numeric value encountered in D:\\xampp\\htdocs\\week_1\\exercises\\FutureValueCalculator\\index.php on line 32, referer: http://localhost/week_1/exercises/FutureValueCalculator/index.php
[Fri Apr 03 15:41:59.617399 2020] [php7:warn] [pid 12092:tid 1956] [client ::1:60663] PHP Warning:  A non-numeric value encountered in D:\\xampp\\htdocs\\week_1\\exercises\\FutureValueCalculator\\index.php on line 37, referer: http://localhost/week_1/exercises/FutureValueCalculator/index.php
[Fri Apr 03 15:41:59.617399 2020] [php7:warn] [pid 12092:tid 1956] [client ::1:60663] PHP Warning:  A non-numeric value encountered in D:\\xampp\\htdocs\\week_1\\exercises\\FutureValueCalculator\\index.php on line 37, referer: http://localhost/week_1/exercises/FutureValueCalculator/index.php
[Fri Apr 03 16:15:40.766285 2020] [php7:error] [pid 12092:tid 1956] [client ::1:60798] PHP Fatal error:  Uncaught DivisionByZeroError: Modulo by zero in D:\\xampp\\htdocs\\week_1\\exercises\\primeNumber\\index.php:17\nStack trace:\n#0 D:\\xampp\\htdocs\\week_1\\exercises\\primeNumber\\index.php(25): checkPrime(2)\n#1 {main}\n  thrown in D:\\xampp\\htdocs\\week_1\\exercises\\primeNumber\\index.php on line 17
[Fri Apr 03 16:15:49.940542 2020] [php7:error] [pid 12092:tid 1960] [client ::1:60799] PHP Fatal error:  Uncaught DivisionByZeroError: Modulo by zero in D:\\xampp\\htdocs\\week_1\\exercises\\primeNumber\\index.php:17\nStack trace:\n#0 D:\\xampp\\htdocs\\week_1\\exercises\\primeNumber\\index.php(25): checkPrime(2)\n#1 {main}\n  thrown in D:\\xampp\\htdocs\\week_1\\exercises\\primeNumber\\index.php on line 17
[Fri Apr 03 16:16:10.994552 2020] [php7:error] [pid 12092:tid 1956] [client ::1:60815] PHP Fatal error:  Uncaught DivisionByZeroError: Modulo by zero in D:\\xampp\\htdocs\\week_1\\exercises\\primeNumber\\index.php:17\nStack trace:\n#0 D:\\xampp\\htdocs\\week_1\\exercises\\primeNumber\\index.php(25): checkPrime(2)\n#1 {main}\n  thrown in D:\\xampp\\htdocs\\week_1\\exercises\\primeNumber\\index.php on line 17
[Fri Apr 03 16:17:45.174325 2020] [php7:error] [pid 12092:tid 1960] [client ::1:60892] PHP Fatal error:  Uncaught DivisionByZeroError: Modulo by zero in D:\\xampp\\htdocs\\week_1\\exercises\\primeNumber\\index.php:18\nStack trace:\n#0 D:\\xampp\\htdocs\\week_1\\exercises\\primeNumber\\index.php(26): checkPrime(2)\n#1 {main}\n  thrown in D:\\xampp\\htdocs\\week_1\\exercises\\primeNumber\\index.php on line 18
[Fri Apr 03 16:17:47.486250 2020] [php7:error] [pid 12092:tid 1960] [client ::1:60892] PHP Fatal error:  Uncaught DivisionByZeroError: Modulo by zero in D:\\xampp\\htdocs\\week_1\\exercises\\primeNumber\\index.php:18\nStack trace:\n#0 D:\\xampp\\htdocs\\week_1\\exercises\\primeNumber\\index.php(26): checkPrime(2)\n#1 {main}\n  thrown in D:\\xampp\\htdocs\\week_1\\exercises\\primeNumber\\index.php on line 18
[Fri Apr 03 16:17:47.641411 2020] [php7:error] [pid 12092:tid 1960] [client ::1:60892] PHP Fatal error:  Uncaught DivisionByZeroError: Modulo by zero in D:\\xampp\\htdocs\\week_1\\exercises\\primeNumber\\index.php:18\nStack trace:\n#0 D:\\xampp\\htdocs\\week_1\\exercises\\primeNumber\\index.php(26): checkPrime(2)\n#1 {main}\n  thrown in D:\\xampp\\htdocs\\week_1\\exercises\\primeNumber\\index.php on line 18
[Fri Apr 03 16:17:47.912381 2020] [php7:error] [pid 12092:tid 1960] [client ::1:60892] PHP Fatal error:  Uncaught DivisionByZeroError: Modulo by zero in D:\\xampp\\htdocs\\week_1\\exercises\\primeNumber\\index.php:18\nStack trace:\n#0 D:\\xampp\\htdocs\\week_1\\exercises\\primeNumber\\index.php(26): checkPrime(2)\n#1 {main}\n  thrown in D:\\xampp\\htdocs\\week_1\\exercises\\primeNumber\\index.php on line 18
[Fri Apr 03 16:17:48.142285 2020] [php7:error] [pid 12092:tid 1960] [client ::1:60892] PHP Fatal error:  Uncaught DivisionByZeroError: Modulo by zero in D:\\xampp\\htdocs\\week_1\\exercises\\primeNumber\\index.php:18\nStack trace:\n#0 D:\\xampp\\htdocs\\week_1\\exercises\\primeNumber\\index.php(26): checkPrime(2)\n#1 {main}\n  thrown in D:\\xampp\\htdocs\\week_1\\exercises\\primeNumber\\index.php on line 18
[Fri Apr 03 16:17:48.377572 2020] [php7:error] [pid 12092:tid 1960] [client ::1:60892] PHP Fatal error:  Uncaught DivisionByZeroError: Modulo by zero in D:\\xampp\\htdocs\\week_1\\exercises\\primeNumber\\index.php:18\nStack trace:\n#0 D:\\xampp\\htdocs\\week_1\\exercises\\primeNumber\\index.php(26): checkPrime(2)\n#1 {main}\n  thrown in D:\\xampp\\htdocs\\week_1\\exercises\\primeNumber\\index.php on line 18
[Fri Apr 03 16:17:48.528942 2020] [php7:error] [pid 12092:tid 1960] [client ::1:60892] PHP Fatal error:  Uncaught DivisionByZeroError: Modulo by zero in D:\\xampp\\htdocs\\week_1\\exercises\\primeNumber\\index.php:18\nStack trace:\n#0 D:\\xampp\\htdocs\\week_1\\exercises\\primeNumber\\index.php(26): checkPrime(2)\n#1 {main}\n  thrown in D:\\xampp\\htdocs\\week_1\\exercises\\primeNumber\\index.php on line 18
[Fri Apr 03 16:17:49.019643 2020] [php7:error] [pid 12092:tid 1960] [client ::1:60892] PHP Fatal error:  Uncaught DivisionByZeroError: Modulo by zero in D:\\xampp\\htdocs\\week_1\\exercises\\primeNumber\\index.php:18\nStack trace:\n#0 D:\\xampp\\htdocs\\week_1\\exercises\\primeNumber\\index.php(26): checkPrime(2)\n#1 {main}\n  thrown in D:\\xampp\\htdocs\\week_1\\exercises\\primeNumber\\index.php on line 18
[Fri Apr 03 16:17:49.178451 2020] [php7:error] [pid 12092:tid 1960] [client ::1:60892] PHP Fatal error:  Uncaught DivisionByZeroError: Modulo by zero in D:\\xampp\\htdocs\\week_1\\exercises\\primeNumber\\index.php:18\nStack trace:\n#0 D:\\xampp\\htdocs\\week_1\\exercises\\primeNumber\\index.php(26): checkPrime(2)\n#1 {main}\n  thrown in D:\\xampp\\htdocs\\week_1\\exercises\\primeNumber\\index.php on line 18
[Fri Apr 03 16:17:49.364386 2020] [php7:error] [pid 12092:tid 1960] [client ::1:60892] PHP Fatal error:  Uncaught DivisionByZeroError: Modulo by zero in D:\\xampp\\htdocs\\week_1\\exercises\\primeNumber\\index.php:18\nStack trace:\n#0 D:\\xampp\\htdocs\\week_1\\exercises\\primeNumber\\index.php(26): checkPrime(2)\n#1 {main}\n  thrown in D:\\xampp\\htdocs\\week_1\\exercises\\primeNumber\\index.php on line 18
[Fri Apr 03 16:17:56.122234 2020] [php7:warn] [pid 12092:tid 1960] [client ::1:60902] PHP Warning:  A non-numeric value encountered in D:\\xampp\\htdocs\\week_1\\exercises\\FutureValueCalculator\\index.php on line 32, referer: http://localhost/week_1/exercises/FutureValueCalculator/index.php
[Fri Apr 03 16:17:56.123230 2020] [php7:warn] [pid 12092:tid 1960] [client ::1:60902] PHP Warning:  A non-numeric value encountered in D:\\xampp\\htdocs\\week_1\\exercises\\FutureValueCalculator\\index.php on line 37, referer: http://localhost/week_1/exercises/FutureValueCalculator/index.php
[Fri Apr 03 16:17:56.123230 2020] [php7:warn] [pid 12092:tid 1960] [client ::1:60902] PHP Warning:  A non-numeric value encountered in D:\\xampp\\htdocs\\week_1\\exercises\\FutureValueCalculator\\index.php on line 37, referer: http://localhost/week_1/exercises/FutureValueCalculator/index.php
[Fri Apr 03 16:18:08.340028 2020] [php7:error] [pid 12092:tid 1960] [client ::1:60909] PHP Fatal error:  Uncaught DivisionByZeroError: Modulo by zero in D:\\xampp\\htdocs\\week_1\\exercises\\primeNumber\\index.php:18\nStack trace:\n#0 D:\\xampp\\htdocs\\week_1\\exercises\\primeNumber\\index.php(26): checkPrime(2)\n#1 {main}\n  thrown in D:\\xampp\\htdocs\\week_1\\exercises\\primeNumber\\index.php on line 18
[Fri Apr 03 16:21:37.959683 2020] [php7:error] [pid 12092:tid 1956] [client ::1:61101] PHP Fatal error:  Uncaught DivisionByZeroError: Modulo by zero in D:\\xampp\\htdocs\\week_1\\exercises\\primeNumber\\index.php:19\nStack trace:\n#0 D:\\xampp\\htdocs\\week_1\\exercises\\primeNumber\\index.php(30): checkPrime(2)\n#1 {main}\n  thrown in D:\\xampp\\htdocs\\week_1\\exercises\\primeNumber\\index.php on line 19
[Fri Apr 03 16:21:41.579612 2020] [php7:error] [pid 12092:tid 1956] [client ::1:61101] PHP Fatal error:  Uncaught DivisionByZeroError: Modulo by zero in D:\\xampp\\htdocs\\week_1\\exercises\\primeNumber\\index.php:19\nStack trace:\n#0 D:\\xampp\\htdocs\\week_1\\exercises\\primeNumber\\index.php(30): checkPrime(2)\n#1 {main}\n  thrown in D:\\xampp\\htdocs\\week_1\\exercises\\primeNumber\\index.php on line 19
[Fri Apr 03 16:21:41.885993 2020] [php7:error] [pid 12092:tid 1956] [client ::1:61101] PHP Fatal error:  Uncaught DivisionByZeroError: Modulo by zero in D:\\xampp\\htdocs\\week_1\\exercises\\primeNumber\\index.php:19\nStack trace:\n#0 D:\\xampp\\htdocs\\week_1\\exercises\\primeNumber\\index.php(30): checkPrime(2)\n#1 {main}\n  thrown in D:\\xampp\\htdocs\\week_1\\exercises\\primeNumber\\index.php on line 19
[Fri Apr 03 16:21:51.703409 2020] [php7:error] [pid 12092:tid 1960] [client ::1:61121] PHP Fatal error:  Uncaught DivisionByZeroError: Modulo by zero in D:\\xampp\\htdocs\\week_1\\exercises\\primeNumber\\index.php:19\nStack trace:\n#0 D:\\xampp\\htdocs\\week_1\\exercises\\primeNumber\\index.php(30): checkPrime(2)\n#1 {main}\n  thrown in D:\\xampp\\htdocs\\week_1\\exercises\\primeNumber\\index.php on line 19
[Fri Apr 03 16:21:53.613575 2020] [php7:error] [pid 12092:tid 1960] [client ::1:61121] PHP Fatal error:  Uncaught DivisionByZeroError: Modulo by zero in D:\\xampp\\htdocs\\week_1\\exercises\\primeNumber\\index.php:19\nStack trace:\n#0 D:\\xampp\\htdocs\\week_1\\exercises\\primeNumber\\index.php(30): checkPrime(2)\n#1 {main}\n  thrown in D:\\xampp\\htdocs\\week_1\\exercises\\primeNumber\\index.php on line 19
[Fri Apr 03 16:21:55.470353 2020] [php7:error] [pid 12092:tid 1960] [client ::1:61121] PHP Fatal error:  Uncaught DivisionByZeroError: Modulo by zero in D:\\xampp\\htdocs\\week_1\\exercises\\primeNumber\\index.php:19\nStack trace:\n#0 D:\\xampp\\htdocs\\week_1\\exercises\\primeNumber\\index.php(30): checkPrime(2)\n#1 {main}\n  thrown in D:\\xampp\\htdocs\\week_1\\exercises\\primeNumber\\index.php on line 19
[Fri Apr 03 16:23:17.287314 2020] [php7:error] [pid 12092:tid 1956] [client ::1:61193] PHP Fatal error:  Uncaught DivisionByZeroError: Modulo by zero in D:\\xampp\\htdocs\\week_1\\exercises\\primeNumber\\index.php:19\nStack trace:\n#0 D:\\xampp\\htdocs\\week_1\\exercises\\primeNumber\\index.php(31): checkPrime(2)\n#1 {main}\n  thrown in D:\\xampp\\htdocs\\week_1\\exercises\\primeNumber\\index.php on line 19
[Fri Apr 03 16:23:19.077186 2020] [php7:error] [pid 12092:tid 1956] [client ::1:61193] PHP Fatal error:  Uncaught DivisionByZeroError: Modulo by zero in D:\\xampp\\htdocs\\week_1\\exercises\\primeNumber\\index.php:19\nStack trace:\n#0 D:\\xampp\\htdocs\\week_1\\exercises\\primeNumber\\index.php(31): checkPrime(2)\n#1 {main}\n  thrown in D:\\xampp\\htdocs\\week_1\\exercises\\primeNumber\\index.php on line 19
[Fri Apr 03 16:23:55.652473 2020] [php7:error] [pid 12092:tid 1960] [client ::1:61226] PHP Fatal error:  Uncaught DivisionByZeroError: Modulo by zero in D:\\xampp\\htdocs\\week_1\\exercises\\primeNumber\\index.php:19\nStack trace:\n#0 D:\\xampp\\htdocs\\week_1\\exercises\\primeNumber\\index.php(31): checkPrime(2)\n#1 {main}\n  thrown in D:\\xampp\\htdocs\\week_1\\exercises\\primeNumber\\index.php on line 19
[Fri Apr 03 16:23:56.239571 2020] [php7:error] [pid 12092:tid 1960] [client ::1:61226] PHP Fatal error:  Uncaught DivisionByZeroError: Modulo by zero in D:\\xampp\\htdocs\\week_1\\exercises\\primeNumber\\index.php:19\nStack trace:\n#0 D:\\xampp\\htdocs\\week_1\\exercises\\primeNumber\\index.php(31): checkPrime(2)\n#1 {main}\n  thrown in D:\\xampp\\htdocs\\week_1\\exercises\\primeNumber\\index.php on line 19
[Fri Apr 03 16:23:56.379583 2020] [php7:error] [pid 12092:tid 1960] [client ::1:61226] PHP Fatal error:  Uncaught DivisionByZeroError: Modulo by zero in D:\\xampp\\htdocs\\week_1\\exercises\\primeNumber\\index.php:19\nStack trace:\n#0 D:\\xampp\\htdocs\\week_1\\exercises\\primeNumber\\index.php(31): checkPrime(2)\n#1 {main}\n  thrown in D:\\xampp\\htdocs\\week_1\\exercises\\primeNumber\\index.php on line 19
[Fri Apr 03 16:23:56.524164 2020] [php7:error] [pid 12092:tid 1960] [client ::1:61226] PHP Fatal error:  Uncaught DivisionByZeroError: Modulo by zero in D:\\xampp\\htdocs\\week_1\\exercises\\primeNumber\\index.php:19\nStack trace:\n#0 D:\\xampp\\htdocs\\week_1\\exercises\\primeNumber\\index.php(31): checkPrime(2)\n#1 {main}\n  thrown in D:\\xampp\\htdocs\\week_1\\exercises\\primeNumber\\index.php on line 19
[Fri Apr 03 16:23:56.659931 2020] [php7:error] [pid 12092:tid 1960] [client ::1:61226] PHP Fatal error:  Uncaught DivisionByZeroError: Modulo by zero in D:\\xampp\\htdocs\\week_1\\exercises\\primeNumber\\index.php:19\nStack trace:\n#0 D:\\xampp\\htdocs\\week_1\\exercises\\primeNumber\\index.php(31): checkPrime(2)\n#1 {main}\n  thrown in D:\\xampp\\htdocs\\week_1\\exercises\\primeNumber\\index.php on line 19
[Fri Apr 03 16:23:56.807048 2020] [php7:error] [pid 12092:tid 1960] [client ::1:61226] PHP Fatal error:  Uncaught DivisionByZeroError: Modulo by zero in D:\\xampp\\htdocs\\week_1\\exercises\\primeNumber\\index.php:19\nStack trace:\n#0 D:\\xampp\\htdocs\\week_1\\exercises\\primeNumber\\index.php(31): checkPrime(2)\n#1 {main}\n  thrown in D:\\xampp\\htdocs\\week_1\\exercises\\primeNumber\\index.php on line 19
[Fri Apr 03 16:23:56.957260 2020] [php7:error] [pid 12092:tid 1960] [client ::1:61226] PHP Fatal error:  Uncaught DivisionByZeroError: Modulo by zero in D:\\xampp\\htdocs\\week_1\\exercises\\primeNumber\\index.php:19\nStack trace:\n#0 D:\\xampp\\htdocs\\week_1\\exercises\\primeNumber\\index.php(31): checkPrime(2)\n#1 {main}\n  thrown in D:\\xampp\\htdocs\\week_1\\exercises\\primeNumber\\index.php on line 19
[Fri Apr 03 16:23:57.097150 2020] [php7:error] [pid 12092:tid 1960] [client ::1:61226] PHP Fatal error:  Uncaught DivisionByZeroError: Modulo by zero in D:\\xampp\\htdocs\\week_1\\exercises\\primeNumber\\index.php:19\nStack trace:\n#0 D:\\xampp\\htdocs\\week_1\\exercises\\primeNumber\\index.php(31): checkPrime(2)\n#1 {main}\n  thrown in D:\\xampp\\htdocs\\week_1\\exercises\\primeNumber\\index.php on line 19
[Fri Apr 03 16:23:57.475305 2020] [php7:error] [pid 12092:tid 1960] [client ::1:61226] PHP Fatal error:  Uncaught DivisionByZeroError: Modulo by zero in D:\\xampp\\htdocs\\week_1\\exercises\\primeNumber\\index.php:19\nStack trace:\n#0 D:\\xampp\\htdocs\\week_1\\exercises\\primeNumber\\index.php(31): checkPrime(2)\n#1 {main}\n  thrown in D:\\xampp\\htdocs\\week_1\\exercises\\primeNumber\\index.php on line 19
[Fri Apr 03 16:25:07.071614 2020] [php7:error] [pid 12092:tid 1960] [client ::1:61287] PHP Fatal error:  Uncaught DivisionByZeroError: Modulo by zero in D:\\xampp\\htdocs\\week_1\\exercises\\primeNumber\\index.php:15\nStack trace:\n#0 D:\\xampp\\htdocs\\week_1\\exercises\\primeNumber\\index.php(26): checkPrime(2)\n#1 {main}\n  thrown in D:\\xampp\\htdocs\\week_1\\exercises\\primeNumber\\index.php on line 15
[Fri Apr 03 16:25:08.815211 2020] [php7:error] [pid 12092:tid 1960] [client ::1:61287] PHP Fatal error:  Uncaught DivisionByZeroError: Modulo by zero in D:\\xampp\\htdocs\\week_1\\exercises\\primeNumber\\index.php:15\nStack trace:\n#0 D:\\xampp\\htdocs\\week_1\\exercises\\primeNumber\\index.php(26): checkPrime(2)\n#1 {main}\n  thrown in D:\\xampp\\htdocs\\week_1\\exercises\\primeNumber\\index.php on line 15
[Fri Apr 03 16:42:51.371358 2020] [php7:notice] [pid 12092:tid 1960] [client ::1:61557] PHP Notice:  Undefined offset: 0 in D:\\xampp\\htdocs\\week_1\\exercises\\ProductDiscountCalculator\\display_discount.php on line 2, referer: http://localhost/week_1/exercises/ProductDiscountCalculator/index.php
[Fri Apr 03 16:47:56.326044 2020] [php7:notice] [pid 12092:tid 1956] [client ::1:61808] PHP Notice:  Undefined offset: 0 in D:\\xampp\\htdocs\\week_1\\exercises\\ProductDiscountCalculator\\display_discount.php on line 2, referer: http://localhost/week_1/exercises/ProductDiscountCalculator/index.php
[Fri Apr 03 16:48:36.964007 2020] [php7:notice] [pid 12092:tid 1960] [client ::1:61847] PHP Notice:  Undefined offset: 0 in D:\\xampp\\htdocs\\week_1\\exercises\\ProductDiscountCalculator\\display_discount.php on line 2, referer: http://localhost/week_1/exercises/ProductDiscountCalculator/index.php
[Fri Apr 03 16:49:13.633263 2020] [php7:notice] [pid 12092:tid 1956] [client ::1:61878] PHP Notice:  Undefined offset: 0 in D:\\xampp\\htdocs\\week_1\\exercises\\ProductDiscountCalculator\\display_discount.php on line 2, referer: http://localhost/week_1/exercises/ProductDiscountCalculator/index.php
[Fri Apr 03 16:49:13.633263 2020] [php7:notice] [pid 12092:tid 1956] [client ::1:61878] PHP Notice:  Undefined variable: product in D:\\xampp\\htdocs\\week_1\\exercises\\ProductDiscountCalculator\\display_discount.php on line 10, referer: http://localhost/week_1/exercises/ProductDiscountCalculator/index.php
[Fri Apr 03 16:49:16.364402 2020] [php7:notice] [pid 12092:tid 1956] [client ::1:61878] PHP Notice:  Undefined offset: 0 in D:\\xampp\\htdocs\\week_1\\exercises\\ProductDiscountCalculator\\display_discount.php on line 2, referer: http://localhost/week_1/exercises/ProductDiscountCalculator/index.php
[Fri Apr 03 16:49:16.364402 2020] [php7:notice] [pid 12092:tid 1956] [client ::1:61878] PHP Notice:  Undefined variable: product in D:\\xampp\\htdocs\\week_1\\exercises\\ProductDiscountCalculator\\display_discount.php on line 10, referer: http://localhost/week_1/exercises/ProductDiscountCalculator/index.php
[Fri Apr 03 16:49:20.757357 2020] [php7:notice] [pid 12092:tid 1956] [client ::1:61878] PHP Notice:  Undefined offset: 0 in D:\\xampp\\htdocs\\week_1\\exercises\\ProductDiscountCalculator\\display_discount.php on line 2, referer: http://localhost/week_1/exercises/ProductDiscountCalculator/display_discount.php
[Fri Apr 03 16:49:20.758355 2020] [php7:notice] [pid 12092:tid 1956] [client ::1:61878] PHP Notice:  Undefined variable: product in D:\\xampp\\htdocs\\week_1\\exercises\\ProductDiscountCalculator\\display_discount.php on line 10, referer: http://localhost/week_1/exercises/ProductDiscountCalculator/display_discount.php
[Fri Apr 03 16:49:22.102001 2020] [php7:notice] [pid 12092:tid 1956] [client ::1:61878] PHP Notice:  Undefined offset: 0 in D:\\xampp\\htdocs\\week_1\\exercises\\ProductDiscountCalculator\\display_discount.php on line 2, referer: http://localhost/week_1/exercises/ProductDiscountCalculator/display_discount.php
[Fri Apr 03 16:49:22.102001 2020] [php7:notice] [pid 12092:tid 1956] [client ::1:61878] PHP Notice:  Undefined variable: product in D:\\xampp\\htdocs\\week_1\\exercises\\ProductDiscountCalculator\\display_discount.php on line 10, referer: http://localhost/week_1/exercises/ProductDiscountCalculator/display_discount.php
[Fri Apr 03 16:49:22.725814 2020] [php7:notice] [pid 12092:tid 1956] [client ::1:61878] PHP Notice:  Undefined offset: 0 in D:\\xampp\\htdocs\\week_1\\exercises\\ProductDiscountCalculator\\display_discount.php on line 2, referer: http://localhost/week_1/exercises/ProductDiscountCalculator/display_discount.php
[Fri Apr 03 16:49:22.725814 2020] [php7:notice] [pid 12092:tid 1956] [client ::1:61878] PHP Notice:  Undefined variable: product in D:\\xampp\\htdocs\\week_1\\exercises\\ProductDiscountCalculator\\display_discount.php on line 10, referer: http://localhost/week_1/exercises/ProductDiscountCalculator/display_discount.php
[Fri Apr 03 16:49:23.431181 2020] [php7:notice] [pid 12092:tid 1956] [client ::1:61878] PHP Notice:  Undefined offset: 0 in D:\\xampp\\htdocs\\week_1\\exercises\\ProductDiscountCalculator\\display_discount.php on line 2, referer: http://localhost/week_1/exercises/ProductDiscountCalculator/display_discount.php
[Fri Apr 03 16:49:23.432182 2020] [php7:notice] [pid 12092:tid 1956] [client ::1:61878] PHP Notice:  Undefined variable: product in D:\\xampp\\htdocs\\week_1\\exercises\\ProductDiscountCalculator\\display_discount.php on line 10, referer: http://localhost/week_1/exercises/ProductDiscountCalculator/display_discount.php
[Fri Apr 03 16:49:23.937050 2020] [php7:notice] [pid 12092:tid 1956] [client ::1:61878] PHP Notice:  Undefined offset: 0 in D:\\xampp\\htdocs\\week_1\\exercises\\ProductDiscountCalculator\\display_discount.php on line 2, referer: http://localhost/week_1/exercises/ProductDiscountCalculator/display_discount.php
[Fri Apr 03 16:49:23.937050 2020] [php7:notice] [pid 12092:tid 1956] [client ::1:61878] PHP Notice:  Undefined variable: product in D:\\xampp\\htdocs\\week_1\\exercises\\ProductDiscountCalculator\\display_discount.php on line 10, referer: http://localhost/week_1/exercises/ProductDiscountCalculator/display_discount.php
[Fri Apr 03 16:49:26.780764 2020] [php7:notice] [pid 12092:tid 1956] [client ::1:61878] PHP Notice:  Undefined offset: 0 in D:\\xampp\\htdocs\\week_1\\exercises\\ProductDiscountCalculator\\display_discount.php on line 2
[Fri Apr 03 16:49:26.780764 2020] [php7:notice] [pid 12092:tid 1956] [client ::1:61878] PHP Notice:  Undefined variable: product in D:\\xampp\\htdocs\\week_1\\exercises\\ProductDiscountCalculator\\display_discount.php on line 10
[Fri Apr 03 16:50:08.899943 2020] [php7:error] [pid 12092:tid 1960] [client ::1:61931] script 'D:/xampp/htdocs/week_1/practice/dictionary/display_discount.php' not found or unable to stat
[Fri Apr 03 16:55:22.187196 2020] [php7:notice] [pid 12092:tid 1960] [client ::1:62181] PHP Notice:  Undefined offset: 0 in D:\\xampp\\htdocs\\week_1\\exercises\\ProductDiscountCalculator\\display_discount.php on line 2
[Fri Apr 03 16:55:22.187196 2020] [php7:notice] [pid 12092:tid 1960] [client ::1:62181] PHP Notice:  Undefined variable: product in D:\\xampp\\htdocs\\week_1\\exercises\\ProductDiscountCalculator\\display_discount.php on line 26
[Fri Apr 03 16:55:22.187914 2020] [php7:notice] [pid 12092:tid 1960] [client ::1:62181] PHP Notice:  Undefined variable: price in D:\\xampp\\htdocs\\week_1\\exercises\\ProductDiscountCalculator\\display_discount.php on line 30
[Fri Apr 03 16:55:22.187914 2020] [php7:notice] [pid 12092:tid 1960] [client ::1:62181] PHP Notice:  Undefined variable: percent in D:\\xampp\\htdocs\\week_1\\exercises\\ProductDiscountCalculator\\display_discount.php on line 34
[Fri Apr 03 16:55:24.933451 2020] [php7:notice] [pid 12092:tid 1960] [client ::1:62181] PHP Notice:  Undefined offset: 0 in D:\\xampp\\htdocs\\week_1\\exercises\\ProductDiscountCalculator\\display_discount.php on line 2
[Fri Apr 03 16:55:24.933451 2020] [php7:notice] [pid 12092:tid 1960] [client ::1:62181] PHP Notice:  Undefined variable: product in D:\\xampp\\htdocs\\week_1\\exercises\\ProductDiscountCalculator\\display_discount.php on line 26
[Fri Apr 03 16:55:24.934447 2020] [php7:notice] [pid 12092:tid 1960] [client ::1:62181] PHP Notice:  Undefined variable: price in D:\\xampp\\htdocs\\week_1\\exercises\\ProductDiscountCalculator\\display_discount.php on line 30
[Fri Apr 03 16:55:24.934447 2020] [php7:notice] [pid 12092:tid 1960] [client ::1:62181] PHP Notice:  Undefined variable: percent in D:\\xampp\\htdocs\\week_1\\exercises\\ProductDiscountCalculator\\display_discount.php on line 34
[Fri Apr 03 16:55:33.982022 2020] [php7:notice] [pid 12092:tid 1956] [client ::1:62197] PHP Notice:  Undefined offset: 0 in D:\\xampp\\htdocs\\week_1\\exercises\\ProductDiscountCalculator\\display_discount.php on line 2, referer: http://localhost/week_1/exercises/ProductDiscountCalculator/display_discount.php
[Fri Apr 03 16:55:33.983020 2020] [php7:notice] [pid 12092:tid 1956] [client ::1:62197] PHP Notice:  Undefined variable: product in D:\\xampp\\htdocs\\week_1\\exercises\\ProductDiscountCalculator\\display_discount.php on line 26, referer: http://localhost/week_1/exercises/ProductDiscountCalculator/display_discount.php
[Fri Apr 03 16:55:33.983020 2020] [php7:notice] [pid 12092:tid 1956] [client ::1:62197] PHP Notice:  Undefined variable: price in D:\\xampp\\htdocs\\week_1\\exercises\\ProductDiscountCalculator\\display_discount.php on line 30, referer: http://localhost/week_1/exercises/ProductDiscountCalculator/display_discount.php
[Fri Apr 03 16:55:33.983020 2020] [php7:notice] [pid 12092:tid 1956] [client ::1:62197] PHP Notice:  Undefined variable: percent in D:\\xampp\\htdocs\\week_1\\exercises\\ProductDiscountCalculator\\display_discount.php on line 34, referer: http://localhost/week_1/exercises/ProductDiscountCalculator/display_discount.php
[Fri Apr 03 16:55:37.782659 2020] [php7:notice] [pid 12092:tid 1956] [client ::1:62197] PHP Notice:  Undefined offset: 0 in D:\\xampp\\htdocs\\week_1\\exercises\\ProductDiscountCalculator\\display_discount.php on line 2, referer: http://localhost/week_1/exercises/ProductDiscountCalculator/display_discount.php
[Fri Apr 03 16:55:37.783657 2020] [php7:notice] [pid 12092:tid 1956] [client ::1:62197] PHP Notice:  Undefined variable: product in D:\\xampp\\htdocs\\week_1\\exercises\\ProductDiscountCalculator\\display_discount.php on line 26, referer: http://localhost/week_1/exercises/ProductDiscountCalculator/display_discount.php
[Fri Apr 03 16:55:37.783657 2020] [php7:notice] [pid 12092:tid 1956] [client ::1:62197] PHP Notice:  Undefined variable: price in D:\\xampp\\htdocs\\week_1\\exercises\\ProductDiscountCalculator\\display_discount.php on line 30, referer: http://localhost/week_1/exercises/ProductDiscountCalculator/display_discount.php
[Fri Apr 03 16:55:37.783657 2020] [php7:notice] [pid 12092:tid 1956] [client ::1:62197] PHP Notice:  Undefined variable: percent in D:\\xampp\\htdocs\\week_1\\exercises\\ProductDiscountCalculator\\display_discount.php on line 34, referer: http://localhost/week_1/exercises/ProductDiscountCalculator/display_discount.php
[Fri Apr 03 16:56:00.913854 2020] [php7:notice] [pid 12092:tid 1956] [client ::1:62217] PHP Notice:  Undefined offset: 0 in D:\\xampp\\htdocs\\week_1\\exercises\\ProductDiscountCalculator\\display_discount.php on line 2, referer: http://localhost/week_1/exercises/ProductDiscountCalculator/index.php
[Fri Apr 03 16:56:00.914853 2020] [php7:notice] [pid 12092:tid 1956] [client ::1:62217] PHP Notice:  Undefined variable: product in D:\\xampp\\htdocs\\week_1\\exercises\\ProductDiscountCalculator\\display_discount.php on line 26, referer: http://localhost/week_1/exercises/ProductDiscountCalculator/index.php
[Fri Apr 03 16:56:00.914853 2020] [php7:notice] [pid 12092:tid 1956] [client ::1:62217] PHP Notice:  Undefined variable: price in D:\\xampp\\htdocs\\week_1\\exercises\\ProductDiscountCalculator\\display_discount.php on line 30, referer: http://localhost/week_1/exercises/ProductDiscountCalculator/index.php
[Fri Apr 03 16:56:00.914853 2020] [php7:notice] [pid 12092:tid 1956] [client ::1:62217] PHP Notice:  Undefined variable: percent in D:\\xampp\\htdocs\\week_1\\exercises\\ProductDiscountCalculator\\display_discount.php on line 34, referer: http://localhost/week_1/exercises/ProductDiscountCalculator/index.php
[Fri Apr 03 16:57:02.859783 2020] [php7:notice] [pid 12092:tid 1960] [client ::1:62275] PHP Notice:  Undefined offset: 0 in D:\\xampp\\htdocs\\week_1\\exercises\\ProductDiscountCalculator\\display_discount.php on line 2, referer: http://localhost/week_1/exercises/ProductDiscountCalculator/index.php
[Fri Apr 03 16:57:02.859783 2020] [php7:notice] [pid 12092:tid 1960] [client ::1:62275] PHP Notice:  Undefined variable: discountAmount in D:\\xampp\\htdocs\\week_1\\exercises\\ProductDiscountCalculator\\display_discount.php on line 10, referer: http://localhost/week_1/exercises/ProductDiscountCalculator/index.php
[Fri Apr 03 16:57:02.861964 2020] [php7:notice] [pid 12092:tid 1960] [client ::1:62275] PHP Notice:  Undefined variable: product in D:\\xampp\\htdocs\\week_1\\exercises\\ProductDiscountCalculator\\display_discount.php on line 27, referer: http://localhost/week_1/exercises/ProductDiscountCalculator/index.php
[Fri Apr 03 16:57:02.861964 2020] [php7:notice] [pid 12092:tid 1960] [client ::1:62275] PHP Notice:  Undefined variable: price in D:\\xampp\\htdocs\\week_1\\exercises\\ProductDiscountCalculator\\display_discount.php on line 31, referer: http://localhost/week_1/exercises/ProductDiscountCalculator/index.php
[Fri Apr 03 16:57:02.861964 2020] [php7:notice] [pid 12092:tid 1960] [client ::1:62275] PHP Notice:  Undefined variable: percent in D:\\xampp\\htdocs\\week_1\\exercises\\ProductDiscountCalculator\\display_discount.php on line 35, referer: http://localhost/week_1/exercises/ProductDiscountCalculator/index.php
[Fri Apr 03 16:57:09.423983 2020] [php7:notice] [pid 12092:tid 1956] [client ::1:62276] PHP Notice:  Undefined offset: 0 in D:\\xampp\\htdocs\\week_1\\exercises\\ProductDiscountCalculator\\display_discount.php on line 2, referer: http://localhost/week_1/exercises/ProductDiscountCalculator/index.php
[Fri Apr 03 16:57:09.424982 2020] [php7:notice] [pid 12092:tid 1956] [client ::1:62276] PHP Notice:  Undefined variable: discountAmount in D:\\xampp\\htdocs\\week_1\\exercises\\ProductDiscountCalculator\\display_discount.php on line 10, referer: http://localhost/week_1/exercises/ProductDiscountCalculator/index.php
[Fri Apr 03 16:57:09.424982 2020] [php7:notice] [pid 12092:tid 1956] [client ::1:62276] PHP Notice:  Undefined variable: product in D:\\xampp\\htdocs\\week_1\\exercises\\ProductDiscountCalculator\\display_discount.php on line 27, referer: http://localhost/week_1/exercises/ProductDiscountCalculator/index.php
[Fri Apr 03 16:57:09.425978 2020] [php7:notice] [pid 12092:tid 1956] [client ::1:62276] PHP Notice:  Undefined variable: price in D:\\xampp\\htdocs\\week_1\\exercises\\ProductDiscountCalculator\\display_discount.php on line 31, referer: http://localhost/week_1/exercises/ProductDiscountCalculator/index.php
[Fri Apr 03 16:57:09.425978 2020] [php7:notice] [pid 12092:tid 1956] [client ::1:62276] PHP Notice:  Undefined variable: percent in D:\\xampp\\htdocs\\week_1\\exercises\\ProductDiscountCalculator\\display_discount.php on line 35, referer: http://localhost/week_1/exercises/ProductDiscountCalculator/index.php
[Fri Apr 03 16:59:25.447518 2020] [php7:notice] [pid 12092:tid 1960] [client ::1:62394] PHP Notice:  Undefined offset: 0 in D:\\xampp\\htdocs\\week_1\\exercises\\ProductDiscountCalculator\\display_discount.php on line 2, referer: http://localhost/week_1/exercises/ProductDiscountCalculator/index.php
[Fri Apr 03 16:59:25.447518 2020] [php7:notice] [pid 12092:tid 1960] [client ::1:62394] PHP Notice:  Undefined variable: discountAmount in D:\\xampp\\htdocs\\week_1\\exercises\\ProductDiscountCalculator\\display_discount.php on line 10, referer: http://localhost/week_1/exercises/ProductDiscountCalculator/index.php
[Fri Apr 03 16:59:27.311715 2020] [php7:notice] [pid 12092:tid 1960] [client ::1:62394] PHP Notice:  Undefined offset: 0 in D:\\xampp\\htdocs\\week_1\\exercises\\ProductDiscountCalculator\\display_discount.php on line 2, referer: http://localhost/week_1/exercises/ProductDiscountCalculator/index.php
[Fri Apr 03 16:59:27.311715 2020] [php7:notice] [pid 12092:tid 1960] [client ::1:62394] PHP Notice:  Undefined variable: discountAmount in D:\\xampp\\htdocs\\week_1\\exercises\\ProductDiscountCalculator\\display_discount.php on line 10, referer: http://localhost/week_1/exercises/ProductDiscountCalculator/index.php
[Fri Apr 03 16:59:32.133517 2020] [php7:notice] [pid 12092:tid 1960] [client ::1:62394] PHP Notice:  Undefined offset: 0 in D:\\xampp\\htdocs\\week_1\\exercises\\ProductDiscountCalculator\\display_discount.php on line 2, referer: http://localhost/week_1/exercises/ProductDiscountCalculator/index.php
[Fri Apr 03 16:59:32.134535 2020] [php7:notice] [pid 12092:tid 1960] [client ::1:62394] PHP Notice:  Undefined variable: discountAmount in D:\\xampp\\htdocs\\week_1\\exercises\\ProductDiscountCalculator\\display_discount.php on line 10, referer: http://localhost/week_1/exercises/ProductDiscountCalculator/index.php
[Fri Apr 03 17:00:11.494456 2020] [php7:notice] [pid 12092:tid 1956] [client ::1:62433] PHP Notice:  Undefined offset: 0 in D:\\xampp\\htdocs\\week_1\\exercises\\ProductDiscountCalculator\\display_discount.php on line 2, referer: http://localhost/week_1/exercises/ProductDiscountCalculator/index.php
[Fri Apr 03 17:00:11.495455 2020] [php7:notice] [pid 12092:tid 1956] [client ::1:62433] PHP Notice:  Undefined variable: discountAmount in D:\\xampp\\htdocs\\week_1\\exercises\\ProductDiscountCalculator\\display_discount.php on line 10, referer: http://localhost/week_1/exercises/ProductDiscountCalculator/index.php
[Fri Apr 03 17:01:15.706140 2020] [php7:notice] [pid 12092:tid 1960] [client ::1:62488] PHP Notice:  Undefined offset: 0 in D:\\xampp\\htdocs\\week_1\\exercises\\ProductDiscountCalculator\\display_discount.php on line 2, referer: http://localhost/week_1/exercises/ProductDiscountCalculator/index.php
[Fri Apr 03 17:01:15.706140 2020] [php7:notice] [pid 12092:tid 1960] [client ::1:62488] PHP Notice:  Undefined variable: discountAmount in D:\\xampp\\htdocs\\week_1\\exercises\\ProductDiscountCalculator\\display_discount.php on line 10, referer: http://localhost/week_1/exercises/ProductDiscountCalculator/index.php
[Fri Apr 03 17:01:16.679451 2020] [php7:notice] [pid 12092:tid 1960] [client ::1:62488] PHP Notice:  Undefined offset: 0 in D:\\xampp\\htdocs\\week_1\\exercises\\ProductDiscountCalculator\\display_discount.php on line 2, referer: http://localhost/week_1/exercises/ProductDiscountCalculator/index.php
[Fri Apr 03 17:01:16.679451 2020] [php7:notice] [pid 12092:tid 1960] [client ::1:62488] PHP Notice:  Undefined variable: discountAmount in D:\\xampp\\htdocs\\week_1\\exercises\\ProductDiscountCalculator\\display_discount.php on line 10, referer: http://localhost/week_1/exercises/ProductDiscountCalculator/index.php
[Fri Apr 03 17:01:17.328022 2020] [php7:notice] [pid 12092:tid 1960] [client ::1:62488] PHP Notice:  Undefined offset: 0 in D:\\xampp\\htdocs\\week_1\\exercises\\ProductDiscountCalculator\\display_discount.php on line 2, referer: http://localhost/week_1/exercises/ProductDiscountCalculator/index.php
[Fri Apr 03 17:01:17.328022 2020] [php7:notice] [pid 12092:tid 1960] [client ::1:62488] PHP Notice:  Undefined variable: discountAmount in D:\\xampp\\htdocs\\week_1\\exercises\\ProductDiscountCalculator\\display_discount.php on line 10, referer: http://localhost/week_1/exercises/ProductDiscountCalculator/index.php
[Fri Apr 03 17:01:17.840383 2020] [php7:notice] [pid 12092:tid 1960] [client ::1:62488] PHP Notice:  Undefined offset: 0 in D:\\xampp\\htdocs\\week_1\\exercises\\ProductDiscountCalculator\\display_discount.php on line 2, referer: http://localhost/week_1/exercises/ProductDiscountCalculator/index.php
[Fri Apr 03 17:01:17.840383 2020] [php7:notice] [pid 12092:tid 1960] [client ::1:62488] PHP Notice:  Undefined variable: discountAmount in D:\\xampp\\htdocs\\week_1\\exercises\\ProductDiscountCalculator\\display_discount.php on line 10, referer: http://localhost/week_1/exercises/ProductDiscountCalculator/index.php
[Fri Apr 03 17:01:18.130019 2020] [php7:notice] [pid 12092:tid 1960] [client ::1:62488] PHP Notice:  Undefined offset: 0 in D:\\xampp\\htdocs\\week_1\\exercises\\ProductDiscountCalculator\\display_discount.php on line 2, referer: http://localhost/week_1/exercises/ProductDiscountCalculator/index.php
[Fri Apr 03 17:01:18.131023 2020] [php7:notice] [pid 12092:tid 1960] [client ::1:62488] PHP Notice:  Undefined variable: discountAmount in D:\\xampp\\htdocs\\week_1\\exercises\\ProductDiscountCalculator\\display_discount.php on line 10, referer: http://localhost/week_1/exercises/ProductDiscountCalculator/index.php
[Fri Apr 03 17:01:19.941848 2020] [php7:notice] [pid 12092:tid 1960] [client ::1:62488] PHP Notice:  Undefined offset: 0 in D:\\xampp\\htdocs\\week_1\\exercises\\ProductDiscountCalculator\\display_discount.php on line 2
[Fri Apr 03 17:01:19.941848 2020] [php7:notice] [pid 12092:tid 1960] [client ::1:62488] PHP Notice:  Undefined variable: discountAmount in D:\\xampp\\htdocs\\week_1\\exercises\\ProductDiscountCalculator\\display_discount.php on line 10
[Fri Apr 03 17:08:06.875231 2020] [php7:notice] [pid 12092:tid 1956] [client ::1:62834] PHP Notice:  Undefined offset: 0 in D:\\xampp\\htdocs\\week_1\\exercises\\ProductDiscountCalculator\\display_discount.php on line 12
[Fri Apr 03 17:08:06.875231 2020] [php7:notice] [pid 12092:tid 1956] [client ::1:62834] PHP Notice:  Undefined variable: product in D:\\xampp\\htdocs\\week_1\\exercises\\ProductDiscountCalculator\\display_discount.php on line 25
[Fri Apr 03 17:08:06.875231 2020] [php7:notice] [pid 12092:tid 1956] [client ::1:62834] PHP Notice:  Undefined variable: price in D:\\xampp\\htdocs\\week_1\\exercises\\ProductDiscountCalculator\\display_discount.php on line 29
[Fri Apr 03 17:08:06.875231 2020] [php7:notice] [pid 12092:tid 1956] [client ::1:62834] PHP Notice:  Undefined variable: percent in D:\\xampp\\htdocs\\week_1\\exercises\\ProductDiscountCalculator\\display_discount.php on line 33
[Fri Apr 03 17:08:43.318859 2020] [php7:notice] [pid 12092:tid 1960] [client ::1:62848] PHP Notice:  Undefined offset: 0 in D:\\xampp\\htdocs\\week_1\\exercises\\ProductDiscountCalculator\\display_discount.php on line 12
[Fri Apr 03 17:08:43.318859 2020] [php7:notice] [pid 12092:tid 1960] [client ::1:62848] PHP Notice:  Undefined variable: product in D:\\xampp\\htdocs\\week_1\\exercises\\ProductDiscountCalculator\\display_discount.php on line 25
[Fri Apr 03 17:08:43.318859 2020] [php7:notice] [pid 12092:tid 1960] [client ::1:62848] PHP Notice:  Undefined variable: price in D:\\xampp\\htdocs\\week_1\\exercises\\ProductDiscountCalculator\\display_discount.php on line 29
[Fri Apr 03 17:08:43.319857 2020] [php7:notice] [pid 12092:tid 1960] [client ::1:62848] PHP Notice:  Undefined variable: percent in D:\\xampp\\htdocs\\week_1\\exercises\\ProductDiscountCalculator\\display_discount.php on line 33
[Fri Apr 03 17:08:43.471440 2020] [php7:notice] [pid 12092:tid 1960] [client ::1:62848] PHP Notice:  Undefined offset: 0 in D:\\xampp\\htdocs\\week_1\\exercises\\ProductDiscountCalculator\\display_discount.php on line 12
[Fri Apr 03 17:08:43.471440 2020] [php7:notice] [pid 12092:tid 1960] [client ::1:62848] PHP Notice:  Undefined variable: product in D:\\xampp\\htdocs\\week_1\\exercises\\ProductDiscountCalculator\\display_discount.php on line 25
[Fri Apr 03 17:08:43.471440 2020] [php7:notice] [pid 12092:tid 1960] [client ::1:62848] PHP Notice:  Undefined variable: price in D:\\xampp\\htdocs\\week_1\\exercises\\ProductDiscountCalculator\\display_discount.php on line 29
[Fri Apr 03 17:08:43.472815 2020] [php7:notice] [pid 12092:tid 1960] [client ::1:62848] PHP Notice:  Undefined variable: percent in D:\\xampp\\htdocs\\week_1\\exercises\\ProductDiscountCalculator\\display_discount.php on line 33
[Fri Apr 03 17:08:43.734062 2020] [php7:notice] [pid 12092:tid 1960] [client ::1:62848] PHP Notice:  Undefined offset: 0 in D:\\xampp\\htdocs\\week_1\\exercises\\ProductDiscountCalculator\\display_discount.php on line 12
[Fri Apr 03 17:08:43.734062 2020] [php7:notice] [pid 12092:tid 1960] [client ::1:62848] PHP Notice:  Undefined variable: product in D:\\xampp\\htdocs\\week_1\\exercises\\ProductDiscountCalculator\\display_discount.php on line 25
[Fri Apr 03 17:08:43.734062 2020] [php7:notice] [pid 12092:tid 1960] [client ::1:62848] PHP Notice:  Undefined variable: price in D:\\xampp\\htdocs\\week_1\\exercises\\ProductDiscountCalculator\\display_discount.php on line 29
[Fri Apr 03 17:08:43.734062 2020] [php7:notice] [pid 12092:tid 1960] [client ::1:62848] PHP Notice:  Undefined variable: percent in D:\\xampp\\htdocs\\week_1\\exercises\\ProductDiscountCalculator\\display_discount.php on line 33
[Fri Apr 03 17:08:43.871596 2020] [php7:notice] [pid 12092:tid 1960] [client ::1:62848] PHP Notice:  Undefined offset: 0 in D:\\xampp\\htdocs\\week_1\\exercises\\ProductDiscountCalculator\\display_discount.php on line 12
[Fri Apr 03 17:08:43.871596 2020] [php7:notice] [pid 12092:tid 1960] [client ::1:62848] PHP Notice:  Undefined variable: product in D:\\xampp\\htdocs\\week_1\\exercises\\ProductDiscountCalculator\\display_discount.php on line 25
[Fri Apr 03 17:08:43.871596 2020] [php7:notice] [pid 12092:tid 1960] [client ::1:62848] PHP Notice:  Undefined variable: price in D:\\xampp\\htdocs\\week_1\\exercises\\ProductDiscountCalculator\\display_discount.php on line 29
[Fri Apr 03 17:08:43.872816 2020] [php7:notice] [pid 12092:tid 1960] [client ::1:62848] PHP Notice:  Undefined variable: percent in D:\\xampp\\htdocs\\week_1\\exercises\\ProductDiscountCalculator\\display_discount.php on line 33
[Fri Apr 03 17:08:44.000101 2020] [php7:notice] [pid 12092:tid 1960] [client ::1:62848] PHP Notice:  Undefined offset: 0 in D:\\xampp\\htdocs\\week_1\\exercises\\ProductDiscountCalculator\\display_discount.php on line 12
[Fri Apr 03 17:08:44.000101 2020] [php7:notice] [pid 12092:tid 1960] [client ::1:62848] PHP Notice:  Undefined variable: product in D:\\xampp\\htdocs\\week_1\\exercises\\ProductDiscountCalculator\\display_discount.php on line 25
[Fri Apr 03 17:08:44.000101 2020] [php7:notice] [pid 12092:tid 1960] [client ::1:62848] PHP Notice:  Undefined variable: price in D:\\xampp\\htdocs\\week_1\\exercises\\ProductDiscountCalculator\\display_discount.php on line 29
[Fri Apr 03 17:08:44.000101 2020] [php7:notice] [pid 12092:tid 1960] [client ::1:62848] PHP Notice:  Undefined variable: percent in D:\\xampp\\htdocs\\week_1\\exercises\\ProductDiscountCalculator\\display_discount.php on line 33
[Fri Apr 03 17:08:47.848322 2020] [php7:notice] [pid 12092:tid 1960] [client ::1:62848] PHP Notice:  Undefined offset: 0 in D:\\xampp\\htdocs\\week_1\\exercises\\ProductDiscountCalculator\\display_discount.php on line 12, referer: http://localhost/week_1/exercises/ProductDiscountCalculator/index.php
[Fri Apr 03 17:08:47.848322 2020] [php7:notice] [pid 12092:tid 1960] [client ::1:62848] PHP Notice:  Undefined variable: product in D:\\xampp\\htdocs\\week_1\\exercises\\ProductDiscountCalculator\\display_discount.php on line 25, referer: http://localhost/week_1/exercises/ProductDiscountCalculator/index.php
[Fri Apr 03 17:08:47.848322 2020] [php7:notice] [pid 12092:tid 1960] [client ::1:62848] PHP Notice:  Undefined variable: price in D:\\xampp\\htdocs\\week_1\\exercises\\ProductDiscountCalculator\\display_discount.php on line 29, referer: http://localhost/week_1/exercises/ProductDiscountCalculator/index.php
[Fri Apr 03 17:08:47.848322 2020] [php7:notice] [pid 12092:tid 1960] [client ::1:62848] PHP Notice:  Undefined variable: percent in D:\\xampp\\htdocs\\week_1\\exercises\\ProductDiscountCalculator\\display_discount.php on line 33, referer: http://localhost/week_1/exercises/ProductDiscountCalculator/index.php
[Fri Apr 03 17:08:54.329677 2020] [php7:notice] [pid 12092:tid 1960] [client ::1:62850] PHP Notice:  Undefined offset: 0 in D:\\xampp\\htdocs\\week_1\\exercises\\ProductDiscountCalculator\\display_discount.php on line 12, referer: http://localhost/week_1/exercises/ProductDiscountCalculator/index.php
[Fri Apr 03 17:08:54.329677 2020] [php7:notice] [pid 12092:tid 1960] [client ::1:62850] PHP Notice:  Undefined variable: product in D:\\xampp\\htdocs\\week_1\\exercises\\ProductDiscountCalculator\\display_discount.php on line 25, referer: http://localhost/week_1/exercises/ProductDiscountCalculator/index.php
[Fri Apr 03 17:08:54.329677 2020] [php7:notice] [pid 12092:tid 1960] [client ::1:62850] PHP Notice:  Undefined variable: price in D:\\xampp\\htdocs\\week_1\\exercises\\ProductDiscountCalculator\\display_discount.php on line 29, referer: http://localhost/week_1/exercises/ProductDiscountCalculator/index.php
[Fri Apr 03 17:08:54.329677 2020] [php7:notice] [pid 12092:tid 1960] [client ::1:62850] PHP Notice:  Undefined variable: percent in D:\\xampp\\htdocs\\week_1\\exercises\\ProductDiscountCalculator\\display_discount.php on line 33, referer: http://localhost/week_1/exercises/ProductDiscountCalculator/index.php
[Fri Apr 03 17:10:40.701896 2020] [php7:notice] [pid 12092:tid 1956] [client ::1:62863] PHP Notice:  Undefined offset: 0 in D:\\xampp\\htdocs\\week_1\\exercises\\ProductDiscountCalculator\\display_discount.php on line 11, referer: http://localhost/week_1/exercises/ProductDiscountCalculator/index.php
[Fri Apr 03 17:10:55.386841 2020] [php7:notice] [pid 12092:tid 1960] [client ::1:62865] PHP Notice:  Undefined offset: 0 in D:\\xampp\\htdocs\\week_1\\exercises\\ProductDiscountCalculator\\display_discount.php on line 11, referer: http://localhost/week_1/exercises/ProductDiscountCalculator/index.php
[Fri Apr 03 17:12:09.644867 2020] [php7:notice] [pid 12092:tid 1956] [client ::1:62868] PHP Notice:  Undefined offset: 0 in D:\\xampp\\htdocs\\week_1\\exercises\\ProductDiscountCalculator\\display_discount.php on line 11, referer: http://localhost/week_1/exercises/ProductDiscountCalculator/index.php
[Fri Apr 03 17:12:13.698610 2020] [php7:notice] [pid 12092:tid 1956] [client ::1:62868] PHP Notice:  Undefined offset: 0 in D:\\xampp\\htdocs\\week_1\\exercises\\ProductDiscountCalculator\\display_discount.php on line 11, referer: http://localhost/week_1/exercises/ProductDiscountCalculator/index.php
[Fri Apr 03 17:12:16.590686 2020] [php7:notice] [pid 12092:tid 1956] [client ::1:62868] PHP Notice:  Undefined offset: 0 in D:\\xampp\\htdocs\\week_1\\exercises\\ProductDiscountCalculator\\display_discount.php on line 11, referer: http://localhost/week_1/exercises/ProductDiscountCalculator/index.php
[Fri Apr 03 17:13:06.416744 2020] [php7:notice] [pid 12092:tid 1960] [client ::1:62872] PHP Notice:  Undefined offset: 0 in D:\\xampp\\htdocs\\week_1\\exercises\\ProductDiscountCalculator\\display_discount.php on line 11, referer: http://localhost/week_1/exercises/ProductDiscountCalculator/index.php
[Fri Apr 03 17:13:06.417741 2020] [php7:notice] [pid 12092:tid 1960] [client ::1:62872] PHP Notice:  Undefined variable: product in D:\\xampp\\htdocs\\week_1\\exercises\\ProductDiscountCalculator\\display_discount.php on line 19, referer: http://localhost/week_1/exercises/ProductDiscountCalculator/index.php
[Fri Apr 03 17:13:20.489990 2020] [php7:notice] [pid 12092:tid 1956] [client ::1:62881] PHP Notice:  Undefined offset: 0 in D:\\xampp\\htdocs\\week_1\\exercises\\ProductDiscountCalculator\\display_discount.php on line 11, referer: http://localhost/week_1/exercises/ProductDiscountCalculator/index.php
[Fri Apr 03 17:13:20.489990 2020] [php7:notice] [pid 12092:tid 1956] [client ::1:62881] PHP Notice:  Undefined variable: product in D:\\xampp\\htdocs\\week_1\\exercises\\ProductDiscountCalculator\\display_discount.php on line 19, referer: http://localhost/week_1/exercises/ProductDiscountCalculator/index.php
[Fri Apr 03 17:13:41.744777 2020] [php7:notice] [pid 12092:tid 1960] [client ::1:62901] PHP Notice:  Undefined offset: 0 in D:\\xampp\\htdocs\\week_1\\exercises\\ProductDiscountCalculator\\display_discount.php on line 11, referer: http://localhost/week_1/exercises/ProductDiscountCalculator/index.php
[Fri Apr 03 17:13:41.744777 2020] [php7:notice] [pid 12092:tid 1960] [client ::1:62901] PHP Notice:  Undefined variable: product in D:\\xampp\\htdocs\\week_1\\exercises\\ProductDiscountCalculator\\display_discount.php on line 19, referer: http://localhost/week_1/exercises/ProductDiscountCalculator/index.php
[Fri Apr 03 17:13:45.658757 2020] [php7:notice] [pid 12092:tid 1960] [client ::1:62901] PHP Notice:  Undefined offset: 0 in D:\\xampp\\htdocs\\week_1\\exercises\\ProductDiscountCalculator\\display_discount.php on line 11, referer: http://localhost/week_1/exercises/ProductDiscountCalculator/index.php
[Fri Apr 03 17:13:45.658757 2020] [php7:notice] [pid 12092:tid 1960] [client ::1:62901] PHP Notice:  Undefined variable: product in D:\\xampp\\htdocs\\week_1\\exercises\\ProductDiscountCalculator\\display_discount.php on line 19, referer: http://localhost/week_1/exercises/ProductDiscountCalculator/index.php
[Fri Apr 03 17:13:53.440931 2020] [php7:notice] [pid 12092:tid 1956] [client ::1:62912] PHP Notice:  Undefined offset: 0 in D:\\xampp\\htdocs\\week_1\\exercises\\ProductDiscountCalculator\\display_discount.php on line 11, referer: http://localhost/week_1/exercises/ProductDiscountCalculator/index.php
[Fri Apr 03 17:13:53.440931 2020] [php7:notice] [pid 12092:tid 1956] [client ::1:62912] PHP Notice:  Undefined variable: product in D:\\xampp\\htdocs\\week_1\\exercises\\ProductDiscountCalculator\\display_discount.php on line 19, referer: http://localhost/week_1/exercises/ProductDiscountCalculator/index.php
[Fri Apr 03 17:16:54.018867 2020] [php7:notice] [pid 12092:tid 1960] [client ::1:63079] PHP Notice:  Undefined offset: 0 in D:\\xampp\\htdocs\\week_1\\exercises\\ProductDiscountCalculator\\display_discount.php on line 11, referer: http://localhost/week_1/exercises/ProductDiscountCalculator/index.php
[Fri Apr 03 17:16:55.007174 2020] [php7:notice] [pid 12092:tid 1960] [client ::1:63079] PHP Notice:  Undefined offset: 0 in D:\\xampp\\htdocs\\week_1\\exercises\\ProductDiscountCalculator\\display_discount.php on line 11, referer: http://localhost/week_1/exercises/ProductDiscountCalculator/index.php
[Fri Apr 03 17:16:55.444461 2020] [php7:notice] [pid 12092:tid 1960] [client ::1:63079] PHP Notice:  Undefined offset: 0 in D:\\xampp\\htdocs\\week_1\\exercises\\ProductDiscountCalculator\\display_discount.php on line 11, referer: http://localhost/week_1/exercises/ProductDiscountCalculator/index.php
[Fri Apr 03 17:16:55.589294 2020] [php7:notice] [pid 12092:tid 1960] [client ::1:63079] PHP Notice:  Undefined offset: 0 in D:\\xampp\\htdocs\\week_1\\exercises\\ProductDiscountCalculator\\display_discount.php on line 11, referer: http://localhost/week_1/exercises/ProductDiscountCalculator/index.php
[Fri Apr 03 17:16:55.711041 2020] [php7:notice] [pid 12092:tid 1960] [client ::1:63079] PHP Notice:  Undefined offset: 0 in D:\\xampp\\htdocs\\week_1\\exercises\\ProductDiscountCalculator\\display_discount.php on line 11, referer: http://localhost/week_1/exercises/ProductDiscountCalculator/index.php
[Fri Apr 03 17:16:55.837336 2020] [php7:notice] [pid 12092:tid 1960] [client ::1:63079] PHP Notice:  Undefined offset: 0 in D:\\xampp\\htdocs\\week_1\\exercises\\ProductDiscountCalculator\\display_discount.php on line 11, referer: http://localhost/week_1/exercises/ProductDiscountCalculator/index.php
[Fri Apr 03 17:16:55.960463 2020] [php7:notice] [pid 12092:tid 1960] [client ::1:63079] PHP Notice:  Undefined offset: 0 in D:\\xampp\\htdocs\\week_1\\exercises\\ProductDiscountCalculator\\display_discount.php on line 11, referer: http://localhost/week_1/exercises/ProductDiscountCalculator/index.php
[Fri Apr 03 17:16:56.080235 2020] [php7:notice] [pid 12092:tid 1960] [client ::1:63079] PHP Notice:  Undefined offset: 0 in D:\\xampp\\htdocs\\week_1\\exercises\\ProductDiscountCalculator\\display_discount.php on line 11, referer: http://localhost/week_1/exercises/ProductDiscountCalculator/index.php
[Fri Apr 03 17:16:56.218981 2020] [php7:notice] [pid 12092:tid 1960] [client ::1:63079] PHP Notice:  Undefined offset: 0 in D:\\xampp\\htdocs\\week_1\\exercises\\ProductDiscountCalculator\\display_discount.php on line 11, referer: http://localhost/week_1/exercises/ProductDiscountCalculator/index.php
[Fri Apr 03 17:17:02.822145 2020] [php7:notice] [pid 12092:tid 1956] [client ::1:63080] PHP Notice:  Undefined offset: 0 in D:\\xampp\\htdocs\\week_1\\exercises\\ProductDiscountCalculator\\display_discount.php on line 11, referer: http://localhost/week_1/exercises/ProductDiscountCalculator/index.php
[Fri Apr 03 17:19:36.409210 2020] [php7:notice] [pid 12092:tid 1960] [client ::1:63219] PHP Notice:  Undefined offset: 0 in D:\\xampp\\htdocs\\week_1\\exercises\\ProductDiscountCalculator\\display_discount.php on line 11, referer: http://localhost/week_1/exercises/ProductDiscountCalculator/index.php
[Fri Apr 03 17:19:36.679561 2020] [php7:notice] [pid 12092:tid 1960] [client ::1:63219] PHP Notice:  Undefined offset: 0 in D:\\xampp\\htdocs\\week_1\\exercises\\ProductDiscountCalculator\\display_discount.php on line 11, referer: http://localhost/week_1/exercises/ProductDiscountCalculator/index.php
[Fri Apr 03 17:19:37.333495 2020] [php7:notice] [pid 12092:tid 1960] [client ::1:63219] PHP Notice:  Undefined offset: 0 in D:\\xampp\\htdocs\\week_1\\exercises\\ProductDiscountCalculator\\display_discount.php on line 11, referer: http://localhost/week_1/exercises/ProductDiscountCalculator/index.php
[Fri Apr 03 17:19:37.671689 2020] [php7:notice] [pid 12092:tid 1960] [client ::1:63219] PHP Notice:  Undefined offset: 0 in D:\\xampp\\htdocs\\week_1\\exercises\\ProductDiscountCalculator\\display_discount.php on line 11, referer: http://localhost/week_1/exercises/ProductDiscountCalculator/index.php
[Fri Apr 03 17:19:38.185731 2020] [php7:notice] [pid 12092:tid 1960] [client ::1:63219] PHP Notice:  Undefined offset: 0 in D:\\xampp\\htdocs\\week_1\\exercises\\ProductDiscountCalculator\\display_discount.php on line 11, referer: http://localhost/week_1/exercises/ProductDiscountCalculator/index.php
[Fri Apr 03 17:19:40.460154 2020] [php7:notice] [pid 12092:tid 1960] [client ::1:63219] PHP Notice:  Undefined offset: 0 in D:\\xampp\\htdocs\\week_1\\exercises\\ProductDiscountCalculator\\display_discount.php on line 11, referer: http://localhost/week_1/exercises/ProductDiscountCalculator/index.php
[Fri Apr 03 17:20:52.474061 2020] [php7:notice] [pid 12092:tid 1956] [client ::1:63285] PHP Notice:  Undefined index: product in D:\\xampp\\htdocs\\week_1\\exercises\\ProductDiscountCalculator\\display_discount.php on line 12, referer: http://localhost/week_1/exercises/ProductDiscountCalculator/index.php
[Fri Apr 03 17:21:11.568376 2020] [php7:notice] [pid 12092:tid 1956] [client ::1:63303] PHP Notice:  Undefined index: product in D:\\xampp\\htdocs\\week_1\\exercises\\ProductDiscountCalculator\\display_discount.php on line 12, referer: http://localhost/week_1/exercises/ProductDiscountCalculator/index.php
[Fri Apr 03 17:28:31.196002 2020] [php7:warn] [pid 12092:tid 1956] [client ::1:63657] PHP Warning:  A non-numeric value encountered in D:\\xampp\\htdocs\\week_1\\exercises\\ProductDiscountCalculator\\display_discount.php on line 7, referer: http://localhost/week_1/exercises/ProductDiscountCalculator/index.php
[Fri Apr 03 18:25:37.700636 2020] [php7:notice] [pid 12092:tid 1956] [client ::1:49585] PHP Notice:  Undefined index: calculation in D:\\xampp\\htdocs\\week_1\\exercises\\calculator\\action.php on line 5, referer: http://localhost/week_1/exercises/calculator/index.php
[Fri Apr 03 18:26:49.666966 2020] [php7:notice] [pid 12092:tid 1960] [client ::1:49648] PHP Notice:  Undefined index: calculation in D:\\xampp\\htdocs\\week_1\\exercises\\calculator\\action.php on line 5, referer: http://localhost/week_1/exercises/calculator/index.php
[Fri Apr 03 18:26:54.976321 2020] [php7:notice] [pid 12092:tid 1956] [client ::1:49649] PHP Notice:  Undefined index: calculation in D:\\xampp\\htdocs\\week_1\\exercises\\calculator\\action.php on line 5, referer: http://localhost/week_1/exercises/calculator/index.php
[Fri Apr 03 18:30:15.441698 2020] [php7:notice] [pid 12092:tid 1960] [client ::1:49831] PHP Notice:  Undefined index: calculation in D:\\xampp\\htdocs\\week_1\\exercises\\calculator\\action.php on line 5, referer: http://localhost/week_1/exercises/calculator/index.php
[Fri Apr 03 18:30:23.092568 2020] [php7:notice] [pid 12092:tid 1960] [client ::1:49831] PHP Notice:  Undefined index: calculation in D:\\xampp\\htdocs\\week_1\\exercises\\calculator\\action.php on line 5, referer: http://localhost/week_1/exercises/calculator/index.php
[Fri Apr 03 18:34:48.649612 2020] [php7:notice] [pid 12092:tid 1956] [client ::1:50076] PHP Notice:  Undefined index: calculation in D:\\xampp\\htdocs\\week_1\\exercises\\calculator\\action.php on line 5, referer: http://localhost/week_1/exercises/calculator/index.php
[Fri Apr 03 18:35:04.764006 2020] [php7:notice] [pid 12092:tid 1956] [client ::1:50080] PHP Notice:  Undefined index: calculation in D:\\xampp\\htdocs\\week_1\\exercises\\calculator\\action.php on line 12, referer: http://localhost/week_1/exercises/calculator/index.php
[Fri Apr 03 18:35:11.775763 2020] [php7:notice] [pid 12092:tid 1956] [client ::1:50080] PHP Notice:  Undefined index: calculation in D:\\xampp\\htdocs\\week_1\\exercises\\calculator\\action.php on line 12, referer: http://localhost/week_1/exercises/calculator/index.php
[Fri Apr 03 18:35:46.113215 2020] [php7:notice] [pid 12092:tid 1956] [client ::1:50121] PHP Notice:  Undefined index: calculation in D:\\xampp\\htdocs\\week_1\\exercises\\calculator\\action.php on line 12, referer: http://localhost/week_1/exercises/calculator/index.php
[Fri Apr 03 18:35:51.152289 2020] [php7:notice] [pid 12092:tid 1960] [client ::1:50122] PHP Notice:  Undefined index: calculation in D:\\xampp\\htdocs\\week_1\\exercises\\calculator\\action.php on line 12, referer: http://localhost/week_1/exercises/calculator/index.php
[Fri Apr 03 18:36:21.569457 2020] [php7:notice] [pid 12092:tid 1956] [client ::1:50129] PHP Notice:  Undefined index: calculation in D:\\xampp\\htdocs\\week_1\\exercises\\calculator\\action.php on line 12, referer: http://localhost/week_1/exercises/calculator/index.php
[Fri Apr 03 18:37:38.488569 2020] [php7:notice] [pid 12092:tid 1960] [client ::1:50147] PHP Notice:  Undefined index: calculation in D:\\xampp\\htdocs\\week_1\\exercises\\calculator\\action.php on line 12, referer: http://localhost/week_1/exercises/calculator/index.php
[Sun Apr 05 12:39:19.966038 2020] [ssl:warn] [pid 1456:tid 632] AH01909: www.example.com:443:0 server certificate does NOT include an ID which matches the server name
[Sun Apr 05 12:39:20.019438 2020] [core:warn] [pid 1456:tid 632] AH00098: pid file D:/xampp/apache/logs/httpd.pid overwritten -- Unclean shutdown of previous Apache run?
[Sun Apr 05 12:39:20.019438 2020] [ssl:warn] [pid 1456:tid 632] AH01909: www.example.com:443:0 server certificate does NOT include an ID which matches the server name
PHP Warning:  PHP Startup: Unable to load dynamic library 'pdo_sqlite' (tried: D:\\xampp\\php\\ext\\pdo_sqlite (The specified module could not be found.), D:\\xampp\\php\\ext\\php_pdo_sqlite.dll (The specified module could not be found.)) in Unknown on line 0
[Sun Apr 05 12:39:20.172242 2020] [mpm_winnt:notice] [pid 1456:tid 632] AH00455: Apache/2.4.41 (Win64) OpenSSL/1.1.1c PHP/7.4.3 configured -- resuming normal operations
[Sun Apr 05 12:39:20.172242 2020] [mpm_winnt:notice] [pid 1456:tid 632] AH00456: Apache Lounge VC15 Server built: Aug 11 2019 12:20:04
[Sun Apr 05 12:39:20.172242 2020] [core:notice] [pid 1456:tid 632] AH00094: Command line: 'd:\\xampp\\apache\\bin\\httpd.exe -d D:/xampp/apache'
[Sun Apr 05 12:39:20.181778 2020] [mpm_winnt:notice] [pid 1456:tid 632] AH00418: Parent: Created child process 8048
[Sun Apr 05 12:39:20.567374 2020] [ssl:warn] [pid 8048:tid 684] AH01909: www.example.com:443:0 server certificate does NOT include an ID which matches the server name
[Sun Apr 05 12:39:20.611391 2020] [ssl:warn] [pid 8048:tid 684] AH01909: www.example.com:443:0 server certificate does NOT include an ID which matches the server name
PHP Warning:  PHP Startup: Unable to load dynamic library 'pdo_sqlite' (tried: D:\\xampp\\php\\ext\\pdo_sqlite (The specified module could not be found.), D:\\xampp\\php\\ext\\php_pdo_sqlite.dll (The specified module could not be found.)) in Unknown on line 0
[Sun Apr 05 12:39:20.648752 2020] [mpm_winnt:notice] [pid 8048:tid 684] AH00354: Child: Starting 150 worker threads.
[Sun Apr 05 13:09:36.923170 2020] [php7:warn] [pid 8048:tid 1928] [client ::1:50180] PHP Warning:  A non-numeric value encountered in D:\\xampp\\htdocs\\week_1\\exercises\\currencyApp\\index.php on line 23, referer: http://localhost/week_1/exercises/currencyApp/index.php
[Sun Apr 05 13:09:36.923170 2020] [php7:warn] [pid 8048:tid 1928] [client ::1:50180] PHP Warning:  A non-numeric value encountered in D:\\xampp\\htdocs\\week_1\\exercises\\currencyApp\\index.php on line 23, referer: http://localhost/week_1/exercises/currencyApp/index.php
[Sun Apr 05 13:09:41.093421 2020] [php7:warn] [pid 8048:tid 1928] [client ::1:50180] PHP Warning:  A non-numeric value encountered in D:\\xampp\\htdocs\\week_1\\exercises\\currencyApp\\index.php on line 23, referer: http://localhost/week_1/exercises/currencyApp/index.php
[Sun Apr 05 13:09:42.177451 2020] [php7:warn] [pid 8048:tid 1928] [client ::1:50180] PHP Warning:  A non-numeric value encountered in D:\\xampp\\htdocs\\week_1\\exercises\\currencyApp\\index.php on line 23, referer: http://localhost/week_1/exercises/currencyApp/index.php
[Sun Apr 05 13:09:42.177451 2020] [php7:warn] [pid 8048:tid 1928] [client ::1:50180] PHP Warning:  A non-numeric value encountered in D:\\xampp\\htdocs\\week_1\\exercises\\currencyApp\\index.php on line 23, referer: http://localhost/week_1/exercises/currencyApp/index.php
[Sun Apr 05 13:09:53.346360 2020] [php7:warn] [pid 8048:tid 1924] [client ::1:50182] PHP Warning:  A non-numeric value encountered in D:\\xampp\\htdocs\\week_1\\exercises\\currencyApp\\index.php on line 23, referer: http://localhost/week_1/exercises/currencyApp/index.php
[Sun Apr 05 13:18:10.860065 2020] [php7:warn] [pid 8048:tid 1928] [client ::1:50209] PHP Warning:  A non-numeric value encountered in D:\\xampp\\htdocs\\week_1\\exercises\\currencyApp\\index.php on line 26, referer: http://localhost/week_1/exercises/currencyApp/index.php
[Mon Apr 06 08:07:41.246128 2020] [ssl:warn] [pid 13628:tid 648] AH01909: www.example.com:443:0 server certificate does NOT include an ID which matches the server name
[Mon Apr 06 08:07:41.297989 2020] [core:warn] [pid 13628:tid 648] AH00098: pid file D:/xampp/apache/logs/httpd.pid overwritten -- Unclean shutdown of previous Apache run?
[Mon Apr 06 08:07:41.299983 2020] [ssl:warn] [pid 13628:tid 648] AH01909: www.example.com:443:0 server certificate does NOT include an ID which matches the server name
PHP Warning:  PHP Startup: Unable to load dynamic library 'pdo_sqlite' (tried: D:\\xampp\\php\\ext\\pdo_sqlite (The specified module could not be found.), D:\\xampp\\php\\ext\\php_pdo_sqlite.dll (The specified module could not be found.)) in Unknown on line 0
[Mon Apr 06 08:07:41.341896 2020] [mpm_winnt:notice] [pid 13628:tid 648] AH00455: Apache/2.4.41 (Win64) OpenSSL/1.1.1c PHP/7.4.3 configured -- resuming normal operations
[Mon Apr 06 08:07:41.341896 2020] [mpm_winnt:notice] [pid 13628:tid 648] AH00456: Apache Lounge VC15 Server built: Aug 11 2019 12:20:04
[Mon Apr 06 08:07:41.341896 2020] [core:notice] [pid 13628:tid 648] AH00094: Command line: 'd:\\xampp\\apache\\bin\\httpd.exe -d D:/xampp/apache'
[Mon Apr 06 08:07:41.347857 2020] [mpm_winnt:notice] [pid 13628:tid 648] AH00418: Parent: Created child process 6016
[Mon Apr 06 08:07:41.736890 2020] [ssl:warn] [pid 6016:tid 660] AH01909: www.example.com:443:0 server certificate does NOT include an ID which matches the server name
[Mon Apr 06 08:07:41.777705 2020] [ssl:warn] [pid 6016:tid 660] AH01909: www.example.com:443:0 server certificate does NOT include an ID which matches the server name
PHP Warning:  PHP Startup: Unable to load dynamic library 'pdo_sqlite' (tried: D:\\xampp\\php\\ext\\pdo_sqlite (The specified module could not be found.), D:\\xampp\\php\\ext\\php_pdo_sqlite.dll (The specified module could not be found.)) in Unknown on line 0
[Mon Apr 06 08:07:41.813609 2020] [mpm_winnt:notice] [pid 6016:tid 660] AH00354: Child: Starting 150 worker threads.
